<?xml version="1.0" encoding="UTF-8"?>
<!-- Generated by org.testng.reporters.JUnitReportReporter -->
<testsuite hostname="DESKTOP-HFIQ142" failures="0" tests="2" name="kodlanir.AbTest" time="0.020" errors="0" timestamp="2023-03-15T20:56:41 EET" skipped="0">
  <testcase classname="kodlanir.AbTest" name="aTest" time="0.002"/>
  <system-out/>
  <testcase classname="kodlanir.AbTest" name="bTest" time="0.018"/>
  <system-out/>
</testsuite> <!-- kodlanir.AbTest -->
