<?xml version="1.0" encoding="UTF-8"?>
<!-- Generated by org.testng.reporters.JUnitReportReporter -->
<testsuite hostname="DESKTOP-HFIQ142" failures="0" tests="2" name="kodlanir.DeTest" time="0.000" errors="0" timestamp="2023-03-15T20:56:41 EET" skipped="0">
  <testcase classname="kodlanir.DeTest" name="dTest" time="0.000"/>
  <system-out/>
  <testcase classname="kodlanir.DeTest" name="eTest" time="0.000"/>
  <system-out/>
</testsuite> <!-- kodlanir.DeTest -->
